{
  "RSpec": {
    "coverage": {
      "/Users/tiago/makers/week2/oystercard_day4/spec/journey_spec.rb": [
        1,
        null,
        1,
        null,
        8,
        3,
        null,
        1,
        1,
        1,
        null,
        null,
        null,
        1,
        1,
        1,
        1,
        null,
        null,
        1,
        1,
        1,
        null,
        null,
        null,
        1,
        1,
        1,
        null,
        null,
        1,
        1,
        1,
        1,
        null,
        null,
        1,
        1,
        1,
        null,
        null,
        1,
        1,
        1,
        null,
        null,
        null,
        1,
        1,
        1,
        null,
        null,
        1,
        1,
        1,
        null,
        null,
        null,
        1,
        1,
        1,
        1,
        null,
        1,
        1,
        1,
        null,
        null,
        null
      ],
      "/Users/tiago/makers/week2/oystercard_day4/lib/journey.rb": [
        1,
        null,
        1,
        null,
        1,
        1,
        null,
        1,
        26,
        null,
        null,
        1,
        15,
        15,
        null,
        null,
        1,
        13,
        6,
        6,
        null,
        null,
        1,
        41,
        null,
        null,
        1,
        10,
        5,
        null,
        null,
        null,
        1,
        null,
        1,
        22,
        null,
        null,
        null
      ],
      "/Users/tiago/makers/week2/oystercard_day4/spec/oystercard_spec.rb": [
        1,
        null,
        1,
        null,
        13,
        1,
        null,
        1,
        1,
        1,
        null,
        null,
        null,
        1,
        1,
        1,
        1,
        null,
        1,
        2,
        null,
        null,
        null,
        1,
        1,
        1,
        1,
        1,
        null,
        null,
        1,
        2,
        null,
        null,
        1,
        1,
        1,
        4,
        null,
        null,
        null,
        null,
        1,
        4,
        null,
        1,
        1,
        1,
        null,
        null,
        1,
        1,
        4,
        null,
        null,
        1,
        4,
        null,
        null,
        null,
        null,
        1,
        null,
        1,
        1,
        1,
        null,
        null,
        4,
        4,
        null,
        1,
        1,
        null,
        null,
        1,
        1,
        null,
        null,
        null,
        1,
        null,
        4,
        4,
        4,
        null,
        1,
        1,
        null,
        null,
        1,
        1,
        null,
        null,
        1,
        1,
        1,
        null,
        null,
        null,
        null,
        null,
        null,
        null
      ],
      "/Users/tiago/makers/week2/oystercard_day4/lib/oystercard.rb": [
        1,
        null,
        1,
        null,
        1,
        null,
        1,
        null,
        1,
        15,
        15,
        15,
        null,
        null,
        1,
        13,
        12,
        null,
        null,
        1,
        11,
        10,
        10,
        null,
        null,
        1,
        26,
        null,
        null,
        1,
        7,
        7,
        7,
        null,
        null,
        1,
        null,
        1,
        8,
        null,
        null,
        1,
        13,
        null,
        null,
        1,
        11,
        null,
        null,
        null
      ],
      "/Users/tiago/makers/week2/oystercard_day4/spec/station_spec.rb": [
        1,
        null,
        1,
        null,
        3,
        null,
        null,
        null,
        null,
        null,
        null,
        null,
        1,
        2,
        null,
        null,
        1,
        2,
        null,
        null,
        1,
        1,
        1,
        2,
        2,
        2,
        null,
        null,
        null,
        null
      ],
      "/Users/tiago/makers/week2/oystercard_day4/lib/station.rb": [
        1,
        1,
        null,
        1,
        5,
        2,
        2,
        null,
        null,
        null
      ]
    },
    "timestamp": 1509619524
  }
}
