{
  "RSpec": {
    "coverage": {
      "/Users/AntonioBelmardaCosta/Desktop/Projects/oystercard-challenge/day-4/spec/journey_log_spec.rb": [
        1,
        null,
        1,
        null,
        3,
        null,
        1,
        null,
        1,
        1,
        null,
        null,
        null,
        1,
        1,
        1,
        1,
        null,
        null,
        null,
        1,
        1,
        1,
        1,
        null,
        null,
        1,
        1,
        1,
        1,
        null,
        null,
        null,
        null
      ],
      "/Users/AntonioBelmardaCosta/Desktop/Projects/oystercard-challenge/day-4/lib/journey_log.rb": [
        1,
        null,
        1,
        1,
        null,
        1,
        11,
        11,
        null,
        null,
        1,
        5,
        null,
        null,
        1,
        4,
        2,
        null,
        null,
        1,
        3,
        null,
        null,
        1,
        3,
        null,
        null,
        null
      ],
      "/Users/AntonioBelmardaCosta/Desktop/Projects/oystercard-challenge/day-4/lib/journey.rb": [
        1,
        null,
        1,
        1,
        null,
        1,
        22,
        null,
        null,
        1,
        9,
        9,
        null,
        null,
        1,
        10,
        4,
        4,
        null,
        null,
        1,
        19,
        null,
        null,
        1,
        7,
        4,
        null,
        null,
        null,
        1,
        null,
        1,
        16,
        null,
        null,
        null
      ],
      "/Users/AntonioBelmardaCosta/Desktop/Projects/oystercard-challenge/day-4/spec/journey_spec.rb": [
        1,
        null,
        1,
        null,
        10,
        1,
        5,
        3,
        null,
        1,
        1,
        1,
        1,
        null,
        null,
        null,
        1,
        1,
        1,
        null,
        null,
        1,
        1,
        1,
        1,
        null,
        null,
        1,
        1,
        1,
        null,
        null,
        1,
        1,
        1,
        null,
        null,
        null,
        1,
        1,
        1,
        null,
        null,
        1,
        1,
        1,
        null,
        null,
        null,
        1,
        1,
        1,
        1,
        1,
        null,
        null,
        1,
        1,
        1,
        1,
        1,
        null,
        null,
        1,
        1,
        1,
        1,
        1,
        null,
        null,
        1,
        1,
        1,
        null,
        null,
        null
      ],
      "/Users/AntonioBelmardaCosta/Desktop/Projects/oystercard-challenge/day-4/spec/oystercard_spec.rb": [
        1,
        null,
        1,
        null,
        5,
        1,
        null,
        1,
        1,
        1,
        null,
        null,
        null,
        1,
        1,
        1,
        1,
        null,
        1,
        2,
        null,
        null,
        null,
        1,
        null,
        1,
        2,
        null,
        null,
        1,
        1,
        1,
        4,
        null,
        null,
        null,
        null,
        1,
        3,
        null,
        1,
        1,
        1,
        4,
        null,
        null,
        1,
        4,
        null,
        null,
        null,
        null,
        null
      ],
      "/Users/AntonioBelmardaCosta/Desktop/Projects/oystercard-challenge/day-4/lib/oystercard.rb": [
        1,
        null,
        1,
        null,
        1,
        null,
        1,
        null,
        1,
        7,
        7,
        null,
        null,
        1,
        5,
        4,
        null,
        null,
        1,
        4,
        3,
        3,
        null,
        null,
        1,
        2,
        2,
        null,
        null,
        1,
        null,
        1,
        3,
        null,
        null,
        1,
        3,
        null,
        null,
        1,
        5,
        null,
        null,
        1,
        4,
        null,
        null,
        null
      ],
      "/Users/AntonioBelmardaCosta/Desktop/Projects/oystercard-challenge/day-4/spec/station_spec.rb": [
        1,
        null,
        1,
        null,
        3,
        null,
        null,
        null,
        null,
        null,
        null,
        null,
        1,
        2,
        null,
        null,
        1,
        2,
        null,
        null,
        1,
        1,
        1,
        2,
        2,
        2,
        null,
        null,
        null,
        null
      ],
      "/Users/AntonioBelmardaCosta/Desktop/Projects/oystercard-challenge/day-4/lib/station.rb": [
        1,
        1,
        null,
        1,
        5,
        2,
        2,
        null,
        null,
        null
      ]
    },
    "timestamp": 1509635826
  }
}
